<?xml version="1.0" encoding="UTF-8"?>
<!-- Generated by org.testng.reporters.JUnitReportReporter -->
<testsuite hostname="DESKTOP-4SV1OS7" failures="0" tests="2" name="Contact.CreateContact" time="0.049" errors="0" timestamp="08 Mar 2025 11:12:11 GMT" skipped="0">
  <testcase classname="Contact.CreateContact" name="login" time="0.012"/>
  <testcase classname="Contact.CreateContact" name="AccountCreate" time="0.037"/>
</testsuite> <!-- Contact.CreateContact -->
